Determining if the getauxval exist failed with the following output:
Change Dir: /home/shin96/workspace_starlab/co-workspace/Compact-SkipList/build/CMakeFiles/CMakeTmp

Run Build Command(s):/usr/bin/make cmTC_640c3/fast && /usr/bin/make -f CMakeFiles/cmTC_640c3.dir/build.make CMakeFiles/cmTC_640c3.dir/build
make[1]: Entering directory '/home/shin96/workspace_starlab/co-workspace/Compact-SkipList/build/CMakeFiles/CMakeTmp'
Building CXX object CMakeFiles/cmTC_640c3.dir/CheckSymbolExists.cxx.o
/usr/bin/g++    -W -Wextra -Wall -pthread -Wsign-compare -Wshadow -Wno-unused-parameter -Wno-unused-variable -Woverloaded-virtual -Wnon-virtual-dtor -Wno-missing-field-initializers -Wno-strict-aliasing -Wno-invalid-offsetof -march=native -Werror -fno-builtin-memcmp    -std=gnu++17 -o CMakeFiles/cmTC_640c3.dir/CheckSymbolExists.cxx.o -c /home/shin96/workspace_starlab/co-workspace/Compact-SkipList/build/CMakeFiles/CMakeTmp/CheckSymbolExists.cxx
/home/shin96/workspace_starlab/co-workspace/Compact-SkipList/build/CMakeFiles/CMakeTmp/CheckSymbolExists.cxx:2:10: fatal error: auvx.h: No such file or directory
    2 | #include <auvx.h>
      |          ^~~~~~~~
compilation terminated.
make[1]: *** [CMakeFiles/cmTC_640c3.dir/build.make:66: CMakeFiles/cmTC_640c3.dir/CheckSymbolExists.cxx.o] Error 1
make[1]: Leaving directory '/home/shin96/workspace_starlab/co-workspace/Compact-SkipList/build/CMakeFiles/CMakeTmp'
make: *** [Makefile:121: cmTC_640c3/fast] Error 2


File /home/shin96/workspace_starlab/co-workspace/Compact-SkipList/build/CMakeFiles/CMakeTmp/CheckSymbolExists.cxx:
/* */
#include <auvx.h>

int main(int argc, char** argv)
{
  (void)argv;
#ifndef getauxval
  return ((int*)(&getauxval))[argc];
#else
  (void)argc;
  return 0;
#endif
}
Determining if the F_FULLFSYNC exist failed with the following output:
Change Dir: /home/shin96/workspace_starlab/co-workspace/Compact-SkipList/build/CMakeFiles/CMakeTmp

Run Build Command(s):/usr/bin/make cmTC_5d410/fast && /usr/bin/make -f CMakeFiles/cmTC_5d410.dir/build.make CMakeFiles/cmTC_5d410.dir/build
make[1]: Entering directory '/home/shin96/workspace_starlab/co-workspace/Compact-SkipList/build/CMakeFiles/CMakeTmp'
Building CXX object CMakeFiles/cmTC_5d410.dir/CheckSymbolExists.cxx.o
/usr/bin/g++    -W -Wextra -Wall -pthread -Wsign-compare -Wshadow -Wno-unused-parameter -Wno-unused-variable -Woverloaded-virtual -Wnon-virtual-dtor -Wno-missing-field-initializers -Wno-strict-aliasing -Wno-invalid-offsetof -march=native -Werror -fno-builtin-memcmp    -std=gnu++17 -o CMakeFiles/cmTC_5d410.dir/CheckSymbolExists.cxx.o -c /home/shin96/workspace_starlab/co-workspace/Compact-SkipList/build/CMakeFiles/CMakeTmp/CheckSymbolExists.cxx
/home/shin96/workspace_starlab/co-workspace/Compact-SkipList/build/CMakeFiles/CMakeTmp/CheckSymbolExists.cxx: In function ‘int main(int, char**)’:
/home/shin96/workspace_starlab/co-workspace/Compact-SkipList/build/CMakeFiles/CMakeTmp/CheckSymbolExists.cxx:8:19: error: ‘F_FULLFSYNC’ was not declared in this scope
    8 |   return ((int*)(&F_FULLFSYNC))[argc];
      |                   ^~~~~~~~~~~
make[1]: *** [CMakeFiles/cmTC_5d410.dir/build.make:66: CMakeFiles/cmTC_5d410.dir/CheckSymbolExists.cxx.o] Error 1
make[1]: Leaving directory '/home/shin96/workspace_starlab/co-workspace/Compact-SkipList/build/CMakeFiles/CMakeTmp'
make: *** [Makefile:121: cmTC_5d410/fast] Error 2


File /home/shin96/workspace_starlab/co-workspace/Compact-SkipList/build/CMakeFiles/CMakeTmp/CheckSymbolExists.cxx:
/* */
#include <fcntl.h>

int main(int argc, char** argv)
{
  (void)argv;
#ifndef F_FULLFSYNC
  return ((int*)(&F_FULLFSYNC))[argc];
#else
  (void)argc;
  return 0;
#endif
}
Performing C SOURCE FILE Test CMAKE_HAVE_LIBC_PTHREAD failed with the following output:
Change Dir: /home/shin96/workspace_starlab/co-workspace/Compact-SkipList/build/CMakeFiles/CMakeTmp

Run Build Command(s):/usr/bin/make cmTC_dac9a/fast && /usr/bin/make -f CMakeFiles/cmTC_dac9a.dir/build.make CMakeFiles/cmTC_dac9a.dir/build
make[1]: Entering directory '/home/shin96/workspace_starlab/co-workspace/Compact-SkipList/build/CMakeFiles/CMakeTmp'
Building C object CMakeFiles/cmTC_dac9a.dir/src.c.o
/usr/bin/gcc   -Wstrict-prototypes -DCMAKE_HAVE_LIBC_PTHREAD   -o CMakeFiles/cmTC_dac9a.dir/src.c.o   -c /home/shin96/workspace_starlab/co-workspace/Compact-SkipList/build/CMakeFiles/CMakeTmp/src.c
Linking C executable cmTC_dac9a
/usr/bin/cmake -E cmake_link_script CMakeFiles/cmTC_dac9a.dir/link.txt --verbose=1
/usr/bin/gcc  -Wstrict-prototypes -DCMAKE_HAVE_LIBC_PTHREAD    CMakeFiles/cmTC_dac9a.dir/src.c.o  -o cmTC_dac9a 
/usr/bin/ld: CMakeFiles/cmTC_dac9a.dir/src.c.o: in function `main':
src.c:(.text+0x46): undefined reference to `pthread_create'
/usr/bin/ld: src.c:(.text+0x52): undefined reference to `pthread_detach'
/usr/bin/ld: src.c:(.text+0x63): undefined reference to `pthread_join'
collect2: error: ld returned 1 exit status
make[1]: *** [CMakeFiles/cmTC_dac9a.dir/build.make:87: cmTC_dac9a] Error 1
make[1]: Leaving directory '/home/shin96/workspace_starlab/co-workspace/Compact-SkipList/build/CMakeFiles/CMakeTmp'
make: *** [Makefile:121: cmTC_dac9a/fast] Error 2


Source file was:
#include <pthread.h>

void* test_func(void* data)
{
  return data;
}

int main(void)
{
  pthread_t thread;
  pthread_create(&thread, NULL, test_func, NULL);
  pthread_detach(thread);
  pthread_join(thread, NULL);
  pthread_atfork(NULL, NULL, NULL);
  pthread_exit(NULL);

  return 0;
}

Determining if the function pthread_create exists in the pthreads failed with the following output:
Change Dir: /home/shin96/workspace_starlab/co-workspace/Compact-SkipList/build/CMakeFiles/CMakeTmp

Run Build Command(s):/usr/bin/make cmTC_fd09d/fast && /usr/bin/make -f CMakeFiles/cmTC_fd09d.dir/build.make CMakeFiles/cmTC_fd09d.dir/build
make[1]: Entering directory '/home/shin96/workspace_starlab/co-workspace/Compact-SkipList/build/CMakeFiles/CMakeTmp'
Building C object CMakeFiles/cmTC_fd09d.dir/CheckFunctionExists.c.o
/usr/bin/gcc   -Wstrict-prototypes -DCHECK_FUNCTION_EXISTS=pthread_create   -o CMakeFiles/cmTC_fd09d.dir/CheckFunctionExists.c.o   -c /usr/share/cmake-3.16/Modules/CheckFunctionExists.c
Linking C executable cmTC_fd09d
/usr/bin/cmake -E cmake_link_script CMakeFiles/cmTC_fd09d.dir/link.txt --verbose=1
/usr/bin/gcc  -Wstrict-prototypes -DCHECK_FUNCTION_EXISTS=pthread_create    CMakeFiles/cmTC_fd09d.dir/CheckFunctionExists.c.o  -o cmTC_fd09d  -lpthreads 
/usr/bin/ld: cannot find -lpthreads
collect2: error: ld returned 1 exit status
make[1]: *** [CMakeFiles/cmTC_fd09d.dir/build.make:87: cmTC_fd09d] Error 1
make[1]: Leaving directory '/home/shin96/workspace_starlab/co-workspace/Compact-SkipList/build/CMakeFiles/CMakeTmp'
make: *** [Makefile:121: cmTC_fd09d/fast] Error 2



